[2017-01-02 23:55:20] request.INFO: Matched route "acme_store_default_index". {"route_parameters":{"_controller":"Acme\\StoreBundle\\Controller\\DefaultController::indexAction","_route":"acme_store_default_index"},"request_uri":"http://localhost:8080/app.php/"} []
[2017-01-02 23:55:20] security.INFO: Populated the TokenStorage with an anonymous Token. [] []
[2017-01-02 23:55:20] request.CRITICAL: Uncaught PHP Exception InvalidArgumentException: "Controller "Acme\StoreBundle\Controller\DefaultController::indexAction" for URI "/" is not callable." at /vagrant/conquerors/vendor/symfony/symfony/src/Symfony/Component/HttpKernel/Controller/ControllerResolver.php line 98 {"exception":"[object] (InvalidArgumentException(code: 0): Controller \"Acme\\StoreBundle\\Controller\\DefaultController::indexAction\" for URI \"/\" is not callable. at /vagrant/conquerors/vendor/symfony/symfony/src/Symfony/Component/HttpKernel/Controller/ControllerResolver.php:98)"} []
[2017-01-04 21:41:26] request.INFO: Matched route "acme_store_default_index". {"route_parameters":{"_controller":"Acme\\StoreBundle\\Controller\\DefaultController::indexAction","_route":"acme_store_default_index"},"request_uri":"http://localhost:8080/app.php/"} []
[2017-01-04 21:41:27] security.INFO: Populated the TokenStorage with an anonymous Token. [] []
[2017-01-04 21:41:28] request.CRITICAL: Uncaught PHP Exception InvalidArgumentException: "Controller "Acme\StoreBundle\Controller\DefaultController::indexAction" for URI "/" is not callable." at /vagrant/conquerors/app/cache/prod/classes.php line 2168 {"exception":"[object] (InvalidArgumentException(code: 0): Controller \"Acme\\StoreBundle\\Controller\\DefaultController::indexAction\" for URI \"/\" is not callable. at /vagrant/conquerors/app/cache/prod/classes.php:2168)"} []
[2017-01-16 22:45:59] request.INFO: Matched route "acme_store_default_index". {"route_parameters":{"_controller":"Acme\\StoreBundle\\Controller\\DefaultController::indexAction","_route":"acme_store_default_index"},"request_uri":"http://localhost:8080/app.php/"} []
[2017-01-16 22:46:00] security.INFO: Populated the TokenStorage with an anonymous Token. [] []
[2017-01-16 22:46:00] request.CRITICAL: Uncaught PHP Exception InvalidArgumentException: "Controller "Acme\StoreBundle\Controller\DefaultController::indexAction" for URI "/" is not callable." at /vagrant/conquerors/app/cache/prod/classes.php line 2168 {"exception":"[object] (InvalidArgumentException(code: 0): Controller \"Acme\\StoreBundle\\Controller\\DefaultController::indexAction\" for URI \"/\" is not callable. at /vagrant/conquerors/app/cache/prod/classes.php:2168)"} []
[2017-01-21 15:50:17] request.INFO: Matched route "acme_store_default_index". {"route_parameters":{"_controller":"Acme\\StoreBundle\\Controller\\DefaultController::indexAction","_route":"acme_store_default_index"},"request_uri":"http://localhost:8080/app.php/"} []
[2017-01-21 15:50:17] security.INFO: Populated the TokenStorage with an anonymous Token. [] []
[2017-01-21 15:50:17] request.CRITICAL: Uncaught PHP Exception InvalidArgumentException: "Controller "Acme\StoreBundle\Controller\DefaultController::indexAction" for URI "/" is not callable." at /vagrant/conquerors/app/cache/prod/classes.php line 2168 {"exception":"[object] (InvalidArgumentException(code: 0): Controller \"Acme\\StoreBundle\\Controller\\DefaultController::indexAction\" for URI \"/\" is not callable. at /vagrant/conquerors/app/cache/prod/classes.php:2168)"} []
[2017-01-21 15:50:17] request.INFO: Matched route "acme_store_default_index". {"route_parameters":{"_controller":"Acme\\StoreBundle\\Controller\\DefaultController::indexAction","_route":"acme_store_default_index"},"request_uri":"http://localhost:8080/app.php/"} []
[2017-01-21 15:50:18] security.INFO: Populated the TokenStorage with an anonymous Token. [] []
[2017-01-21 15:50:18] request.CRITICAL: Uncaught PHP Exception InvalidArgumentException: "Controller "Acme\StoreBundle\Controller\DefaultController::indexAction" for URI "/" is not callable." at /vagrant/conquerors/app/cache/prod/classes.php line 2168 {"exception":"[object] (InvalidArgumentException(code: 0): Controller \"Acme\\StoreBundle\\Controller\\DefaultController::indexAction\" for URI \"/\" is not callable. at /vagrant/conquerors/app/cache/prod/classes.php:2168)"} []
[2017-01-21 23:34:07] request.INFO: Matched route "acme_store_default_index". {"route_parameters":{"_controller":"Acme\\StoreBundle\\Controller\\DefaultController::indexAction","_route":"acme_store_default_index"},"request_uri":"http://localhost:8080/app.php/"} []
[2017-01-21 23:34:07] security.INFO: Populated the TokenStorage with an anonymous Token. [] []
[2017-01-21 23:34:07] request.CRITICAL: Uncaught PHP Exception InvalidArgumentException: "Controller "Acme\StoreBundle\Controller\DefaultController::indexAction" for URI "/" is not callable." at /vagrant/conquerors/app/cache/prod/classes.php line 2168 {"exception":"[object] (InvalidArgumentException(code: 0): Controller \"Acme\\StoreBundle\\Controller\\DefaultController::indexAction\" for URI \"/\" is not callable. at /vagrant/conquerors/app/cache/prod/classes.php:2168)"} []
[2017-01-23 17:12:38] request.INFO: Matched route "acme_store_default_index". {"route_parameters":{"_controller":"Acme\\StoreBundle\\Controller\\DefaultController::indexAction","_route":"acme_store_default_index"},"request_uri":"http://localhost:8080/app.php/"} []
[2017-01-23 17:12:38] security.INFO: Populated the TokenStorage with an anonymous Token. [] []
[2017-01-23 17:12:38] request.CRITICAL: Uncaught PHP Exception InvalidArgumentException: "Controller "Acme\StoreBundle\Controller\DefaultController::indexAction" for URI "/" is not callable." at /vagrant/conquerors/app/cache/prod/classes.php line 2168 {"exception":"[object] (InvalidArgumentException(code: 0): Controller \"Acme\\StoreBundle\\Controller\\DefaultController::indexAction\" for URI \"/\" is not callable. at /vagrant/conquerors/app/cache/prod/classes.php:2168)"} []
[2017-01-24 09:29:35] request.INFO: Matched route "acme_store_default_index". {"route_parameters":{"_controller":"Acme\\StoreBundle\\Controller\\DefaultController::indexAction","_route":"acme_store_default_index"},"request_uri":"http://localhost:8080/app.php/"} []
[2017-01-24 09:29:36] security.INFO: Populated the TokenStorage with an anonymous Token. [] []
[2017-01-24 09:29:36] request.CRITICAL: Uncaught PHP Exception Symfony\Component\Debug\Exception\FatalErrorException: "Parse Error: syntax error, unexpected '->' (T_OBJECT_OPERATOR)" at /vagrant/conquerors/src/Acme/StoreBundle/Controller/DefaultController.php line 19 {"exception":"[object] (Symfony\\Component\\Debug\\Exception\\FatalErrorException(code: 0): Parse Error: syntax error, unexpected '->' (T_OBJECT_OPERATOR) at /vagrant/conquerors/src/Acme/StoreBundle/Controller/DefaultController.php:19)"} []
[2017-01-24 09:34:08] request.INFO: Matched route "acme_store_default_index". {"route_parameters":{"_controller":"Acme\\StoreBundle\\Controller\\DefaultController::indexAction","_route":"acme_store_default_index"},"request_uri":"http://localhost:8080/app.php/"} []
[2017-01-24 09:34:08] security.INFO: Populated the TokenStorage with an anonymous Token. [] []
[2017-01-24 09:34:08] request.CRITICAL: Uncaught PHP Exception Symfony\Component\Debug\Exception\FatalErrorException: "Parse Error: syntax error, unexpected '->' (T_OBJECT_OPERATOR)" at /vagrant/conquerors/src/Acme/StoreBundle/Controller/DefaultController.php line 19 {"exception":"[object] (Symfony\\Component\\Debug\\Exception\\FatalErrorException(code: 0): Parse Error: syntax error, unexpected '->' (T_OBJECT_OPERATOR) at /vagrant/conquerors/src/Acme/StoreBundle/Controller/DefaultController.php:19)"} []
